2025-04-11 14:45:42,928 - TrellisDebug - DEBUG - 
=== TrellisModelViewer - Input ===
{
  "model_path": "/trellis-downloads/f5348b34-02fc-41d3-b46c-dab8ce3517b7"
}

2025-04-11 14:45:42,965 - TrellisDebug - DEBUG - 
=== JavaScript - Frontend Log ===
[
  "Model viewer executed with message:",
  "{'model_path': ['/', 't', 'r', 'e', 'l', 'l', 'i', 's', '-', 'd', 'o', 'w', 'n', 'l', 'o', 'a', 'd', 's', '/', 'f', '5', '3', '4', '8', 'b', '3', '4', '-', '0', '2', 'f', 'c', '-', '4', '1', 'd', '3', '-', 'b', '4', '6', 'c', '-', 'd', 'a', 'b', '8', 'c', 'e', '3', '5', '1', '7', 'b', '7']}"
]

2025-04-11 14:46:31,592 - TrellisDebug - DEBUG - 
=== VideoNode - Input ===
{
  "path_type": "<class 'str'>",
  "path_value": "trellis_downloads/e06f3ab5-4d96-42a6-b363-4a1336dbf150_output.mp4",
  "path_repr": "'trellis_downloads/e06f3ab5-4d96-42a6-b363-4a1336dbf150_output.mp4'"
}

2025-04-11 14:46:31,593 - TrellisDebug - DEBUG - 
=== VideoNode - Path Verification ===
{
  "input_path": "trellis_downloads/e06f3ab5-4d96-42a6-b363-4a1336dbf150_output.mp4",
  "verified_path": "/media/hiro/AI_Drive/Linux/ComfyUI/trellis_downloads/e06f3ab5-4d96-42a6-b363-4a1336dbf150_output.mp4"
}

2025-04-11 14:46:31,594 - TrellisDebug - DEBUG - 
=== ModelNode - Input ===
{
  "path_type": "<class 'str'>",
  "path_value": "trellis_downloads/e06f3ab5-4d96-42a6-b363-4a1336dbf150_output.glb"
}

2025-04-11 14:46:31,595 - TrellisDebug - DEBUG - 
=== ModelNode - Output ===
{
  "ui": {
    "model_path": "trellis_downloads/e06f3ab5-4d96-42a6-b363-4a1336dbf150_output.glb"
  },
  "result": [
    "trellis_downloads/e06f3ab5-4d96-42a6-b363-4a1336dbf150_output.glb"
  ]
}

2025-04-11 14:46:31,596 - TrellisDebug - DEBUG - 
=== TrellisModelViewer - Input ===
{
  "model_path": "trellis_downloads/e06f3ab5-4d96-42a6-b363-4a1336dbf150_output.glb"
}

2025-04-11 14:46:31,707 - TrellisDebug - DEBUG - 
=== JavaScript - Frontend Log ===
[
  "TrellisVideoPlayerNode executed with message:",
  "{'video_path': ['/', 'm', 'e', 'd', 'i', 'a', '/', 'h', 'i', 'r', 'o', '/', 'A', 'I', '_', 'D', 'r', 'i', 'v', 'e', '/', 'L', 'i', 'n', 'u', 'x', '/', 'C', 'o', 'm', 'f', 'y', 'U', 'I', '/', 't', 'r', 'e', 'l', 'l', 'i', 's', '_', 'd', 'o', 'w', 'n', 'l', 'o', 'a', 'd', 's', '/', 'e', '0', '6', 'f', '3', 'a', 'b', '5', '-', '4', 'd', '9', '6', '-', '4', '2', 'a', '6', '-', 'b', '3', '6', '3', '-', '4', 'a', '1', '3', '3', '6', 'd', 'b', 'f', '1', '5', '0', '_', 'o', 'u', 't', 'p', 'u', 't', '.', 'm', 'p', '4']}"
]

2025-04-11 14:46:31,707 - TrellisDebug - DEBUG - 
=== JavaScript - Frontend Log ===
[
  "Model viewer executed with message:",
  "{'model_path': ['t', 'r', 'e', 'l', 'l', 'i', 's', '_', 'd', 'o', 'w', 'n', 'l', 'o', 'a', 'd', 's', '/', 'e', '0', '6', 'f', '3', 'a', 'b', '5', '-', '4', 'd', '9', '6', '-', '4', '2', 'a', '6', '-', 'b', '3', '6', '3', '-', '4', 'a', '1', '3', '3', '6', 'd', 'b', 'f', '1', '5', '0', '_', 'o', 'u', 't', 'p', 'u', 't', '.', 'g', 'l', 'b']}"
]

2025-04-11 14:46:31,707 - TrellisDebug - DEBUG - 
=== JavaScript - Frontend Log ===
[
  "Model viewer executed with message:",
  "{'model_path': ['t', 'r', 'e', 'l', 'l', 'i', 's', '_', 'd', 'o', 'w', 'n', 'l', 'o', 'a', 'd', 's', '/', 'e', '0', '6', 'f', '3', 'a', 'b', '5', '-', '4', 'd', '9', '6', '-', '4', '2', 'a', '6', '-', 'b', '3', '6', '3', '-', '4', 'a', '1', '3', '3', '6', 'd', 'b', 'f', '1', '5', '0', '_', 'o', 'u', 't', 'p', 'u', 't', '.', 'g', 'l', 'b']}"
]

