2025-04-10 23:32:21,521 - TrellisDebug - DEBUG - 
=== VideoNode - Input ===
{
  "path_type": "<class 'str'>",
  "path_value": "trellis_downloads/62485c9f-2552-4675-a460-cf3a84a36b2c_output.mp4"
}

2025-04-10 23:32:21,522 - TrellisDebug - DEBUG - 
=== VideoNode - Output ===
{
  "ui": {
    "video_path": "trellis_downloads/62485c9f-2552-4675-a460-cf3a84a36b2c_output.mp4"
  },
  "result": [
    "trellis_downloads/62485c9f-2552-4675-a460-cf3a84a36b2c_output.mp4"
  ]
}

2025-04-10 23:32:21,524 - TrellisDebug - DEBUG - 
=== ModelNode - Input ===
{
  "path_type": "<class 'str'>",
  "path_value": "trellis_downloads/62485c9f-2552-4675-a460-cf3a84a36b2c_output.glb"
}

2025-04-10 23:32:21,525 - TrellisDebug - DEBUG - 
=== ModelNode - Output ===
{
  "ui": {
    "model_path": "trellis_downloads/62485c9f-2552-4675-a460-cf3a84a36b2c_output.glb"
  },
  "result": [
    "trellis_downloads/62485c9f-2552-4675-a460-cf3a84a36b2c_output.glb"
  ]
}

