2025-04-11 14:42:38,009 - TrellisDebug - DEBUG - 
=== TrellisModelViewer - Input ===
{
  "model_path": "/trellis-downloads/f5348b34-02fc-41d3-b46c-dab8ce3517b7"
}

2025-04-11 14:42:38,021 - TrellisDebug - DEBUG - 
=== JavaScript - Frontend Log ===
[
  "Model viewer executed with message:",
  "{'model_path': ['/', 't', 'r', 'e', 'l', 'l', 'i', 's', '-', 'd', 'o', 'w', 'n', 'l', 'o', 'a', 'd', 's', '/', 'f', '5', '3', '4', '8', 'b', '3', '4', '-', '0', '2', 'f', 'c', '-', '4', '1', 'd', '3', '-', 'b', '4', '6', 'c', '-', 'd', 'a', 'b', '8', 'c', 'e', '3', '5', '1', '7', 'b', '7']}"
]

2025-04-11 14:42:38,064 - TrellisDebug - DEBUG - 
=== TrellisModelViewer - Input ===
{
  "model_path": ""
}

2025-04-11 14:42:38,064 - TrellisDebug - DEBUG - 
=== VideoNode - Input ===
{
  "path_type": "<class 'str'>",
  "path_value": "",
  "path_repr": "''"
}

2025-04-11 14:42:38,064 - TrellisDebug - DEBUG - 
=== VideoNode - Path Verification ===
{
  "input_path": "",
  "verified_path": "."
}

2025-04-11 14:42:38,064 - TrellisDebug - DEBUG - 
=== ModelNode - Input ===
{
  "path_type": "<class 'str'>",
  "path_value": ""
}

2025-04-11 14:42:38,064 - TrellisDebug - DEBUG - 
=== ModelNode - Output ===
{
  "ui": {
    "model_path": ""
  },
  "result": [
    ""
  ]
}

2025-04-11 14:42:38,163 - TrellisDebug - DEBUG - 
=== JavaScript - Frontend Log ===
[
  "Model viewer executed with message:",
  "{'model_path': []}"
]

2025-04-11 14:42:38,163 - TrellisDebug - DEBUG - 
=== JavaScript - Frontend Log ===
[
  "TrellisVideoPlayerNode executed with message:",
  "{'video_path': ['.']}"
]

2025-04-11 14:42:38,166 - TrellisDebug - DEBUG - 
=== JavaScript - Frontend Log ===
[
  "Model viewer executed with message:",
  "{'model_path': []}"
]

2025-04-11 14:44:50,187 - TrellisDebug - DEBUG - 
=== JavaScript - Frontend Log ===
[
  "Model viewer executed with message:",
  "{'model_path': ['/', 't', 'r', 'e', 'l', 'l', 'i', 's', '-', 'd', 'o', 'w', 'n', 'l', 'o', 'a', 'd', 's', '/', 'f', '5', '3', '4', '8', 'b', '3', '4', '-', '0', '2', 'f', 'c', '-', '4', '1', 'd', '3', '-', 'b', '4', '6', 'c', '-', 'd', 'a', 'b', '8', 'c', 'e', '3', '5', '1', '7', 'b', '7']}"
]

2025-04-11 14:44:50,456 - TrellisDebug - DEBUG - 
=== TrellisModelViewer - Input ===
{
  "model_path": ""
}

2025-04-11 14:44:50,457 - TrellisDebug - DEBUG - 
=== VideoNode - Input ===
{
  "path_type": "<class 'str'>",
  "path_value": "",
  "path_repr": "''"
}

2025-04-11 14:44:50,458 - TrellisDebug - DEBUG - 
=== VideoNode - Path Verification ===
{
  "input_path": "",
  "verified_path": "."
}

2025-04-11 14:44:50,459 - TrellisDebug - DEBUG - 
=== ModelNode - Input ===
{
  "path_type": "<class 'str'>",
  "path_value": ""
}

2025-04-11 14:44:50,460 - TrellisDebug - DEBUG - 
=== ModelNode - Output ===
{
  "ui": {
    "model_path": ""
  },
  "result": [
    ""
  ]
}

2025-04-11 14:44:50,576 - TrellisDebug - DEBUG - 
=== JavaScript - Frontend Log ===
[
  "Model viewer executed with message:",
  "{'model_path': []}"
]

2025-04-11 14:44:50,576 - TrellisDebug - DEBUG - 
=== JavaScript - Frontend Log ===
[
  "TrellisVideoPlayerNode executed with message:",
  "{'video_path': ['.']}"
]

2025-04-11 14:44:50,581 - TrellisDebug - DEBUG - 
=== JavaScript - Frontend Log ===
[
  "Model viewer executed with message:",
  "{'model_path': []}"
]

