2025-04-10 23:40:14,633 - TrellisDebug - DEBUG - 
=== VideoNode - Input ===
{
  "path_type": "<class 'str'>",
  "path_value": "trellis_downloads/b9027ea6-c7a1-466a-b666-8833b21fe964_output.mp4",
  "path_repr": "'trellis_downloads/b9027ea6-c7a1-466a-b666-8833b21fe964_output.mp4'"
}

2025-04-10 23:40:14,636 - TrellisDebug - DEBUG - 
=== VideoNode - Output ===
{
  "result": {
    "ui": {
      "video_path": "trellis_downloads/b9027ea6-c7a1-466a-b666-8833b21fe964_output.mp4"
    },
    "result": [
      "trellis_downloads/b9027ea6-c7a1-466a-b666-8833b21fe964_output.mp4"
    ]
  },
  "ui_type": "<class 'str'>",
  "result_type": "<class 'str'>"
}

2025-04-10 23:40:14,638 - TrellisDebug - DEBUG - 
=== ModelNode - Input ===
{
  "path_type": "<class 'str'>",
  "path_value": "trellis_downloads/b9027ea6-c7a1-466a-b666-8833b21fe964_output.glb"
}

2025-04-10 23:40:14,640 - TrellisDebug - DEBUG - 
=== ModelNode - Output ===
{
  "ui": {
    "model_path": "trellis_downloads/b9027ea6-c7a1-466a-b666-8833b21fe964_output.glb"
  },
  "result": [
    "trellis_downloads/b9027ea6-c7a1-466a-b666-8833b21fe964_output.glb"
  ]
}

