2025-04-10 23:29:53,417 - TrellisDebug - DEBUG - 
=== ModelNode - Input ===
{
  "path_type": "<class 'str'>",
  "path_value": "trellis_downloads/9773427b-3f1a-434d-87f7-20c2b6d73f32_output.glb"
}

2025-04-10 23:29:53,418 - TrellisDebug - DEBUG - 
=== ModelNode - Output ===
{
  "ui": {
    "model_path": "trellis_downloads/9773427b-3f1a-434d-87f7-20c2b6d73f32_output.glb"
  },
  "result": [
    "trellis_downloads/9773427b-3f1a-434d-87f7-20c2b6d73f32_output.glb"
  ]
}

2025-04-10 23:29:53,419 - TrellisDebug - DEBUG - 
=== VideoNode - Input ===
{
  "path_type": "<class 'str'>",
  "path_value": "trellis_downloads/9773427b-3f1a-434d-87f7-20c2b6d73f32_output.mp4"
}

2025-04-10 23:29:53,420 - TrellisDebug - DEBUG - 
=== VideoNode - Output ===
{
  "ui": {
    "video_path": "trellis_downloads/9773427b-3f1a-434d-87f7-20c2b6d73f32_output.mp4"
  },
  "result": [
    "trellis_downloads/9773427b-3f1a-434d-87f7-20c2b6d73f32_output.mp4"
  ]
}

